<?xml version="1.0" encoding="UTF-8"?>
<testng-results skipped="0" failed="0" ignored="0" total="1" passed="1">
  <reporter-output>
  </reporter-output>
  <suite name="Suite" duration-ms="68388" started-at="2018-05-20T05:30:32Z" finished-at="2018-05-20T05:31:40Z">
    <groups>
    </groups>
    <test name="Test" duration-ms="68388" started-at="2018-05-20T05:30:32Z" finished-at="2018-05-20T05:31:40Z">
      <class name="pkg1.TC01">
        <test-method status="PASS" signature="LunchBrowser()[pri:0, instance:pkg1.TC01@b8a058]" name="LunchBrowser" is-config="true" duration-ms="51504" started-at="2018-05-20T05:30:32Z" finished-at="2018-05-20T05:31:23Z">
          <reporter-output>
          </reporter-output>
        </test-method> <!-- LunchBrowser -->
        <test-method status="PASS" signature="Testcase()[pri:0, instance:pkg1.TC01@b8a058]" name="Testcase" duration-ms="14939" started-at="2018-05-20T05:31:24Z" finished-at="2018-05-20T05:31:39Z">
          <reporter-output>
          </reporter-output>
        </test-method> <!-- Testcase -->
        <test-method status="PASS" signature="quit()[pri:0, instance:pkg1.TC01@b8a058]" name="quit" is-config="true" duration-ms="1364" started-at="2018-05-20T05:31:39Z" finished-at="2018-05-20T05:31:40Z">
          <reporter-output>
          </reporter-output>
        </test-method> <!-- quit -->
      </class> <!-- pkg1.TC01 -->
    </test> <!-- Test -->
  </suite> <!-- Suite -->
</testng-results>
