<?xml version="1.0" encoding="UTF-8"?>
<testng-results skipped="0" failed="0" ignored="0" total="1" passed="1">
  <reporter-output>
  </reporter-output>
  <suite name="Suite" duration-ms="37968" started-at="2018-05-10T19:23:14Z" finished-at="2018-05-10T19:23:52Z">
    <groups>
    </groups>
    <test name="Test" duration-ms="37968" started-at="2018-05-10T19:23:14Z" finished-at="2018-05-10T19:23:52Z">
      <class name="pkg1.TC01">
        <test-method status="PASS" signature="LunchBrowser()[pri:0, instance:pkg1.TC01@bbe345]" name="LunchBrowser" is-config="true" duration-ms="24831" started-at="2018-05-10T19:23:14Z" finished-at="2018-05-10T19:23:38Z">
          <reporter-output>
          </reporter-output>
        </test-method> <!-- LunchBrowser -->
        <test-method status="PASS" signature="Testcase()[pri:0, instance:pkg1.TC01@bbe345]" name="Testcase" duration-ms="11785" started-at="2018-05-10T19:23:38Z" finished-at="2018-05-10T19:23:50Z">
          <reporter-output>
          </reporter-output>
        </test-method> <!-- Testcase -->
        <test-method status="PASS" signature="quit()[pri:0, instance:pkg1.TC01@bbe345]" name="quit" is-config="true" duration-ms="1275" started-at="2018-05-10T19:23:50Z" finished-at="2018-05-10T19:23:52Z">
          <reporter-output>
          </reporter-output>
        </test-method> <!-- quit -->
      </class> <!-- pkg1.TC01 -->
    </test> <!-- Test -->
  </suite> <!-- Suite -->
</testng-results>
