<?xml version="1.0" encoding="UTF-8"?>
<testng-results skipped="0" failed="0" total="1" passed="1">
  <reporter-output>
  </reporter-output>
  <suite name="Default suite" duration-ms="75209" started-at="2018-05-10T18:29:43Z" finished-at="2018-05-10T18:30:58Z">
    <groups>
    </groups>
    <test name="Default test" duration-ms="75209" started-at="2018-05-10T18:29:43Z" finished-at="2018-05-10T18:30:58Z">
      <class name="pkg1.TC01">
        <test-method status="PASS" signature="LunchBrowser()[pri:0, instance:pkg1.TC01@818063]" name="LunchBrowser" is-config="true" duration-ms="57390" started-at="2018-05-10T23:59:43Z" finished-at="2018-05-11T00:00:41Z">
          <reporter-output>
          </reporter-output>
        </test-method> <!-- LunchBrowser -->
        <test-method status="PASS" signature="Testcase()[pri:0, instance:pkg1.TC01@818063]" name="Testcase" duration-ms="15829" started-at="2018-05-11T00:00:41Z" finished-at="2018-05-11T00:00:56Z">
          <reporter-output>
          </reporter-output>
        </test-method> <!-- Testcase -->
        <test-method status="PASS" signature="quit()[pri:0, instance:pkg1.TC01@818063]" name="quit" is-config="true" duration-ms="1959" started-at="2018-05-11T00:00:56Z" finished-at="2018-05-11T00:00:58Z">
          <reporter-output>
          </reporter-output>
        </test-method> <!-- quit -->
      </class> <!-- pkg1.TC01 -->
    </test> <!-- Default test -->
  </suite> <!-- Default suite -->
</testng-results>
